log for v01
2025-01-30 22:28:42,831 - __main__ - INFO - Скрипт запущен
2025-01-30 22:42:32,587 - __main__ - ERROR - Ошибка стандартной обработки стандартного вопроса - 'price_o1-preview_resp'
2025-01-30 23:00:30,977 - __main__ - INFO - Скрипт запущен
2025-01-30 23:05:03,435 - __main__ - ERROR - Ошибка стандартной обработки стандартного вопроса - A request to the Telegram API was unsuccessful. Error code: 400. Description: Bad Request: can't parse entities: Can't find end of PreCode entity at byte offset 402
2025-01-31 10:07:05,909 - __main__ - INFO - пользователь 678035955 залогинился
2025-01-31 23:50:23,006 - __main__ - INFO - пользователь 768168600 залогинился
2025-02-02 22:13:24,228 - __main__ - INFO - Скрипт запущен
2025-02-02 22:13:54,213 - __main__ - ERROR - Ошибка стандартной обработки стандартного вопроса - Error code: 400 - {'detail': 'Model not supported'}
2025-02-02 22:17:24,485 - __main__ - ERROR - Ошибка стандартной обработки стандартного вопроса - Error code: 400 - {'detail': 'Model not supported'}
2025-02-02 22:17:49,157 - __main__ - ERROR - Ошибка стандартной обработки стандартного вопроса - Error code: 400 - {'detail': 'Model not supported'}
2025-02-02 22:31:44,120 - __main__ - INFO - Скрипт запущен
2025-02-02 22:33:08,959 - __main__ - INFO - Скрипт запущен
2025-02-02 22:36:11,185 - __main__ - INFO - Скрипт запущен
2025-02-02 22:47:42,393 - __main__ - INFO - Скрипт запущен
2025-02-02 22:48:53,321 - __main__ - ERROR - Ошибка стандартной обработки стандартного вопроса - Error code: 400 - {'detail': 'Model not supported'}
2025-02-02 22:49:36,842 - __main__ - INFO - Скрипт запущен
2025-02-02 23:01:10,661 - __main__ - INFO - Скрипт запущен
2025-02-02 23:01:45,520 - __main__ - INFO - Скрипт запущен
2025-02-02 23:03:47,895 - __main__ - INFO - Скрипт запущен
2025-02-02 23:06:05,505 - __main__ - INFO - Скрипт запущен
2025-02-02 23:07:33,356 - __main__ - INFO - Скрипт запущен
2025-02-03 09:03:15,715 - __main__ - ERROR - Ошибка стандартной обработки стандартного вопроса - Error code: 400 - {'detail': 'Model not supported'}
2025-02-09 22:06:25,283 - __main__ - INFO - Скрипт запущен
2025-02-09 22:09:27,531 - __main__ - INFO - Скрипт запущен
2025-02-09 22:11:36,837 - __main__ - INFO - Скрипт запущен
2025-02-09 22:12:40,600 - __main__ - ERROR - Ошибка стандартной обработки стандартного вопроса - Error code: 400 - {'detail': 'Model not supported'}
2025-02-09 22:38:22,528 - __main__ - INFO - Скрипт запущен
2025-02-10 11:26:39,208 - __main__ - INFO - пользователь 1699958471 залогинился
2025-02-16 11:22:11,229 - __main__ - INFO - Скрипт запущен
2025-02-16 11:41:28,285 - __main__ - INFO - Скрипт запущен
2025-02-16 12:59:24,388 - __main__ - INFO - Скрипт запущен
2025-02-16 12:59:31,183 - __main__ - ERROR - Ошибка стандартной обработки стандартного вопроса - Connection error.
2025-02-16 13:00:20,010 - __main__ - ERROR - Ошибка стандартной обработки стандартного вопроса - Connection error.
2025-02-16 13:01:12,709 - __main__ - INFO - Скрипт запущен
2025-02-16 13:03:14,176 - __main__ - INFO - Скрипт запущен
2025-02-16 13:05:05,078 - __main__ - ERROR - Ошибка стандартной обработки стандартного вопроса - Request timed out.
2025-02-16 13:08:12,549 - __main__ - INFO - Скрипт запущен
2025-02-16 13:08:20,920 - __main__ - ERROR - Ошибка стандартной обработки стандартного вопроса - Connection error.
2025-02-16 13:10:15,177 - __main__ - INFO - Скрипт запущен
2025-02-16 13:11:39,296 - __main__ - ERROR - Ошибка стандартной обработки стандартного вопроса - Request timed out.
2025-02-16 13:14:18,709 - __main__ - INFO - Скрипт запущен
2025-02-16 13:26:31,781 - __main__ - INFO - Скрипт запущен
2025-02-16 13:27:26,573 - __main__ - ERROR - Ошибка стандартной обработки стандартного вопроса - Request timed out.
2025-02-16 13:31:34,388 - __main__ - INFO - Скрипт запущен
2025-02-16 13:40:26,010 - __main__ - INFO - Скрипт запущен
2025-02-16 13:44:12,467 - __main__ - INFO - Скрипт запущен
2025-02-16 13:45:04,070 - __main__ - ERROR - Ошибка таймаута при обработке запроса к ИИ от 7080566621 - Request timed out.
2025-02-16 13:46:33,373 - __main__ - INFO - Скрипт запущен
2025-02-16 13:48:26,429 - __main__ - INFO - Скрипт запущен
2025-02-16 13:49:05,447 - __main__ - ERROR - Ошибка таймаута при обработке запроса к ИИ от 7080566621 - Request timed out.
2025-02-16 14:07:13,855 - __main__ - INFO - Скрипт запущен
2025-02-16 14:07:37,848 - __main__ - ERROR - Ошибка таймаута при обработке запроса к ИИ от 7080566621 - Error code: 422 - {'detail': [{'loc': ['body', 'messages'], 'msg': 'expected at least one role=user message', 'type': 'value_error'}]}
2025-02-16 14:08:34,821 - __main__ - INFO - Скрипт запущен
2025-02-16 14:10:48,022 - __main__ - INFO - Скрипт запущен
2025-02-16 14:11:02,282 - __main__ - ERROR - Ошибка при обработке запроса к ИИ 7080566621 - Error code: 422 - {'detail': [{'loc': ['body', 'messages'], 'msg': 'expected at least one role=user message', 'type': 'value_error'}]}
2025-02-16 14:14:12,465 - __main__ - INFO - Скрипт запущен
2025-02-16 21:35:30,567 - __main__ - INFO - Скрипт запущен
2025-02-16 21:35:48,889 - __main__ - ERROR - Ошибка при обработке запроса к ИИ 7080566621 - question_for_ai.<locals>.send_typing_periodically() takes 0 positional arguments but 1 was given
2025-02-16 21:36:18,112 - __main__ - ERROR - Ошибка при обработке запроса к ИИ 7080566621 - question_for_ai.<locals>.send_typing_periodically() takes 0 positional arguments but 1 was given
2025-02-16 21:37:45,408 - __main__ - INFO - Скрипт запущен
2025-02-16 21:38:33,213 - __main__ - INFO - Скрипт запущен
2025-02-16 21:40:35,526 - __main__ - ERROR - Ошибка таймаута при обработке запроса к ИИ от 7080566621 - Request timed out.
2025-02-16 21:42:23,044 - __main__ - INFO - Скрипт запущен
2025-02-16 22:14:53,870 - __main__ - INFO - Скрипт запущен
2025-02-18 13:00:17,545 - __main__ - ERROR - Ошибка при обработке запроса к ИИ 7080566621 - Error code: 429 - {'detail': 'Too many requests'}
